<?xml version="1.0" encoding="UTF-8"?>
<!-- Generated by org.testng.reporters.JUnitReportReporter -->
<testsuite hostname="DESKTOP-PQ6S60Q" failures="0" tests="4" name="testNgKeywords.PriorityUse" time="0.015" errors="0" timestamp="2022-06-23T13:46:44 IST" skipped="0">
  <testcase classname="testNgKeywords.PriorityUse" name="d" time="0.009"/>
  <system-out>
    <![CDATA[d method is ruuning]]>
  </system-out>
  <testcase classname="testNgKeywords.PriorityUse" name="c" time="0.004"/>
  <system-out>
    <![CDATA[c method is running]]>
  </system-out>
  <testcase classname="testNgKeywords.PriorityUse" name="b" time="0.001"/>
  <system-out>
    <![CDATA[b method is running]]>
  </system-out>
  <testcase classname="testNgKeywords.PriorityUse" name="a" time="0.001"/>
  <system-out>
    <![CDATA[a method is running]]>
  </system-out>
</testsuite> <!-- testNgKeywords.PriorityUse -->
