<?xml version="1.0" encoding="UTF-8"?>
<!-- Generated by org.testng.reporters.JUnitReportReporter -->
<testsuite hostname="DESKTOP-PQ6S60Q" failures="0" tests="3" name="testNgKeywords.EnabledUse" time="0.022" errors="0" timestamp="2022-06-23T19:42:08 IST" skipped="1">
  <testcase classname="testNgKeywords.EnabledUse" name="c" time="0.004"/>
  <system-out>
    <![CDATA[c is running]]>
  </system-out>
  <testcase classname="testNgKeywords.EnabledUse" name="a" time="0.018"/>
  <system-out>
    <![CDATA[a is running]]>
  </system-out>
  <testcase classname="testNgKeywords.EnabledUse" name="b">
    <skipped/>
  </testcase> <!-- b -->
  <system-out/>
</testsuite> <!-- testNgKeywords.EnabledUse -->
