<?xml version="1.0" encoding="UTF-8"?>
<!-- Generated by org.testng.reporters.JUnitReportReporter -->
<testsuite hostname="DESKTOP-PQ6S60Q" failures="0" tests="2" name="testNgKeywords.IncludeAndexcludeUse2" time="0.002" errors="0" timestamp="2022-06-24T16:22:16 IST" skipped="0">
  <testcase classname="testNgKeywords.IncludeAndexcludeUse2" name="Q" time="0.001"/>
  <system-out>
    <![CDATA[Q is running]]>
  </system-out>
  <testcase classname="testNgKeywords.IncludeAndexcludeUse2" name="R" time="0.001"/>
  <system-out>
    <![CDATA[R is running]]>
  </system-out>
</testsuite> <!-- testNgKeywords.IncludeAndexcludeUse2 -->
