<?xml version="1.0" encoding="UTF-8"?>
<!-- Generated by org.testng.reporters.JUnitReportReporter -->
<testsuite hostname="DESKTOP-PQ6S60Q" failures="0" tests="1" name="kitePOMUsingTestNG.ValidateKiteAppUserName" time="4.178" errors="0" timestamp="2022-07-01T15:01:18 IST" skipped="0">
  <testcase classname="kitePOMUsingTestNG.ValidateKiteAppUserName" name="ValidateUserName" time="4.178"/>
  <system-out>
    <![CDATA[Validating UserName
Actual and Expected UN are matching TC passed]]>
  </system-out>
</testsuite> <!-- kitePOMUsingTestNG.ValidateKiteAppUserName -->
