<?xml version="1.0" encoding="UTF-8"?>
<!-- Generated by org.testng.reporters.JUnitReportReporter -->
<testsuite hostname="DESKTOP-PQ6S60Q" failures="0" tests="3" name="testNgKeywords.DependsOnMethodUse" time="0.015" errors="0" timestamp="2022-06-24T15:43:30 IST" skipped="0">
  <testcase classname="testNgKeywords.DependsOnMethodUse" name="A" time="0.001"/>
  <system-out>
    <![CDATA[A method is running]]>
  </system-out>
  <testcase classname="testNgKeywords.DependsOnMethodUse" name="B" time="0.011"/>
  <system-out>
    <![CDATA[B method is running]]>
  </system-out>
  <testcase classname="testNgKeywords.DependsOnMethodUse" name="C" time="0.003"/>
  <system-out>
    <![CDATA[C method is running]]>
  </system-out>
</testsuite> <!-- testNgKeywords.DependsOnMethodUse -->
