<?xml version="1.0" encoding="UTF-8"?>
<!-- Generated by org.testng.reporters.JUnitReportReporter -->
<testsuite hostname="DESKTOP-PQ6S60Q" failures="0" tests="1" name="testNG.FirstTestCase" time="28.304" errors="0" timestamp="2022-06-21T23:29:04 IST" skipped="0">
  <testcase classname="testNG.FirstTestCase" name="MyMethod" time="28.304"/>
  <system-out>
    <![CDATA[Hi this is Reporter Output
Hi this is Reporter Output true]]>
  </system-out>
</testsuite> <!-- testNG.FirstTestCase -->
