<?xml version="1.0" encoding="UTF-8"?>
<!-- Generated by org.testng.reporters.JUnitReportReporter -->
<testsuite hostname="DESKTOP-PQ6S60Q" failures="0" tests="4" name="testNgKeywords.InvocationCountStudy" time="0.047" errors="0" timestamp="2022-06-23T15:40:33 IST" skipped="0">
  <testcase classname="testNgKeywords.InvocationCountStudy" name="a" time="0.017"/>
  <system-out>
    <![CDATA[a method is running]]>
  </system-out>
  <testcase classname="testNgKeywords.InvocationCountStudy" name="c" time="0.023"/>
  <system-out>
    <![CDATA[c methid is running]]>
  </system-out>
  <testcase classname="testNgKeywords.InvocationCountStudy" name="a" time="0.005"/>
  <system-out>
    <![CDATA[a method is running]]>
  </system-out>
  <testcase classname="testNgKeywords.InvocationCountStudy" name="a" time="0.002"/>
  <system-out>
    <![CDATA[a method is running]]>
  </system-out>
</testsuite> <!-- testNgKeywords.InvocationCountStudy -->
