<?xml version="1.0" encoding="UTF-8"?>
<!-- Generated by org.testng.reporters.JUnitReportReporter -->
<testsuite hostname="DESKTOP-PQ6S60Q" failures="0" tests="1" name="kiteTest.ValidateKiteUserID" time="4.073" errors="0" timestamp="2022-07-01T01:48:03 IST" skipped="0">
  <testcase classname="kiteTest.ValidateKiteUserID" name="ValidateUserID" time="4.073"/>
  <system-out/>
</testsuite> <!-- kiteTest.ValidateKiteUserID -->
