<?xml version="1.0" encoding="UTF-8"?>
<!-- Generated by org.testng.reporters.JUnitReportReporter -->
<testsuite hostname="DESKTOP-PQ6S60Q" failures="0" tests="2" name="practice.DataDriven" time="32.838" errors="0" timestamp="2022-06-24T12:36:35 IST" skipped="0">
  <testcase classname="practice.DataDriven" name="login" time="16.891"/>
  <system-out/>
  <testcase classname="practice.DataDriven" name="login" time="15.947"/>
  <system-out/>
</testsuite> <!-- practice.DataDriven -->
