<?xml version="1.0" encoding="UTF-8"?>
<!-- Generated by org.testng.reporters.JUnitReportReporter -->
<testsuite hostname="DESKTOP-PQ6S60Q" failures="0" tests="1" name="testNgKeywords.IncludeandExcludeUse" time="0.010" errors="0" timestamp="2022-06-24T16:22:16 IST" skipped="0">
  <testcase classname="testNgKeywords.IncludeandExcludeUse" name="a" time="0.010"/>
  <system-out>
    <![CDATA[a is running]]>
  </system-out>
</testsuite> <!-- testNgKeywords.IncludeandExcludeUse -->
