<?xml version="1.0" encoding="UTF-8"?>
<!-- Generated by org.testng.reporters.JUnitReportReporter -->
<testsuite hostname="DESKTOP-PQ6S60Q" failures="0" tests="2" name="testNgKeywords.Grouping2" time="0.011" errors="0" timestamp="2022-06-24T00:56:46 IST" skipped="0">
  <testcase classname="testNgKeywords.Grouping2" name="R" time="0.008"/>
  <system-out>
    <![CDATA[R is running]]>
  </system-out>
  <testcase classname="testNgKeywords.Grouping2" name="Q" time="0.003"/>
  <system-out>
    <![CDATA[Q is running]]>
  </system-out>
</testsuite> <!-- testNgKeywords.Grouping2 -->
