<?xml version="1.0" encoding="UTF-8"?>
<!-- Generated by org.testng.reporters.JUnitReportReporter -->
<testsuite hostname="DESKTOP-PQ6S60Q" failures="0" tests="3" name="testNgKeywords.Grouping1" time="0.014" errors="0" timestamp="2022-06-24T16:28:36 IST" skipped="0">
  <testcase classname="testNgKeywords.Grouping1" name="z" time="0.002"/>
  <system-out>
    <![CDATA[z is running]]>
  </system-out>
  <testcase classname="testNgKeywords.Grouping1" name="y" time="0.003"/>
  <system-out>
    <![CDATA[y is running]]>
  </system-out>
  <testcase classname="testNgKeywords.Grouping1" name="x" time="0.009"/>
  <system-out>
    <![CDATA[x is running]]>
  </system-out>
</testsuite> <!-- testNgKeywords.Grouping1 -->
