<?xml version="1.0" encoding="UTF-8"?>
<!-- Generated by org.testng.reporters.JUnitReportReporter -->
<testsuite hostname="DESKTOP-PQ6S60Q" failures="0" tests="2" name="testNgStudy.MyTestClass" time="21.452" errors="0" timestamp="2022-06-23T15:31:37 IST" skipped="0">
  <testcase classname="testNgStudy.MyTestClass" name="Method1" time="8.017"/>
  <system-out>
    <![CDATA[Hi this is Reporter Output
Hi this is Reporter Output true]]>
  </system-out>
  <testcase classname="testNgStudy.MyTestClass" name="Method2" time="13.435"/>
  <system-out>
    <![CDATA[This is test method 2]]>
  </system-out>
</testsuite> <!-- testNgStudy.MyTestClass -->
