<?xml version="1.0" encoding="UTF-8"?>
<!-- Generated by org.testng.reporters.JUnitReportReporter -->
<testsuite hostname="DESKTOP-PQ6S60Q" failures="0" tests="2" name="testNgStudy.AnnotationStudy" time="0.010" errors="0" timestamp="2022-06-23T15:43:41 IST" skipped="0">
  <testcase classname="testNgStudy.AnnotationStudy" name="ValidateDashboard" time="0.006"/>
  <system-out>
    <![CDATA[Dashboard Validated]]>
  </system-out>
  <testcase classname="testNgStudy.AnnotationStudy" name="ValidateUserName" time="0.004"/>
  <system-out>
    <![CDATA[UserName Validated]]>
  </system-out>
</testsuite> <!-- testNgStudy.AnnotationStudy -->
